<?xml version="1.0" encoding="UTF-8"?>
<!-- Generated by org.testng.reporters.JUnitXMLReporter -->
<testsuite ignored="0" hostname="DESKTOP-IMGH621" failures="6" tests="7" name="Cucumber Tests" time="51.596" errors="0" timestamp="2026-01-05T12:14:29 IST">
  <testcase classname="io.cucumber.testng.AbstractTestNGCucumberTests" name="runScenario" time="40.557">
    <failure type="java.lang.AssertionError" message="testdeskk expected [testdeskk] but found [Displayed login name mismatch!]">
      <![CDATA[java.lang.AssertionError: testdeskk expected [testdeskk] but found [Displayed login name mismatch!]
at com.parallel.automation.stepDefinition.LoginSteps.user_should_see_the_name_displayed(LoginSteps.java:61)
at ✽.User should see the "testdeskk" name displayed(file:///D:/Satish%20Jaiswal/BDD%202025/API%20TESTING2025/parellel_selenium-cucumber-framework/src/test/resources/features/login_scenarioOutline.feature:8)
... Removed 5 stack frames]]>
    </failure>
  </testcase> <!-- runScenario -->
  <testcase classname="io.cucumber.testng.AbstractTestNGCucumberTests" name="runScenario" time="41.006">
    <failure type="java.lang.AssertionError" message="Peterry expected [Peterry] but found [Displayed login name mismatch!]">
      <![CDATA[java.lang.AssertionError: Peterry expected [Peterry] but found [Displayed login name mismatch!]
at com.parallel.automation.stepDefinition.LoginSteps.user_should_see_the_name_displayed(LoginSteps.java:61)
at ✽.User should see the "Peterry" name displayed(file:///D:/Satish%20Jaiswal/BDD%202025/API%20TESTING2025/parellel_selenium-cucumber-framework/src/test/resources/features/login_scenarioOutline.feature:8)
... Removed 5 stack frames]]>
    </failure>
  </testcase> <!-- runScenario -->
  <testcase classname="io.cucumber.testng.AbstractTestNGCucumberTests" name="runScenario" time="41.009">
    <failure type="java.lang.AssertionError" message="testdesk expected [testdesk] but found [Displayed login name mismatch!]">
      <![CDATA[java.lang.AssertionError: testdesk expected [testdesk] but found [Displayed login name mismatch!]
at com.parallel.automation.stepDefinition.LoginSteps.user_should_see_the_name_displayed(LoginSteps.java:61)
at ✽.User should see the "testdesk" name displayed(file:///D:/Satish%20Jaiswal/BDD%202025/API%20TESTING2025/parellel_selenium-cucumber-framework/src/test/resources/features/login_scenarioOutline.feature:8)
... Removed 5 stack frames]]>
    </failure>
  </testcase> <!-- runScenario -->
  <testcase classname="io.cucumber.testng.AbstractTestNGCucumberTests" name="runScenario" time="41.018">
    <failure type="java.lang.AssertionError" message="Zoey expected [Zoey] but found [Displayed login name mismatch!]">
      <![CDATA[java.lang.AssertionError: Zoey expected [Zoey] but found [Displayed login name mismatch!]
at com.parallel.automation.stepDefinition.LoginSteps.user_should_see_the_name_displayed(LoginSteps.java:61)
at ✽.User should see the "Zoey" name displayed(file:///D:/Satish%20Jaiswal/BDD%202025/API%20TESTING2025/parellel_selenium-cucumber-framework/src/test/resources/features/login_scenarioOutline.feature:8)
... Removed 5 stack frames]]>
    </failure>
  </testcase> <!-- runScenario -->
  <testcase classname="io.cucumber.testng.AbstractTestNGCucumberTests" name="runScenario" time="43.869">
    <failure type="java.lang.AssertionError" message=" expected [The profile has been saved successful] but found [Message text mismatch!]">
      <![CDATA[java.lang.AssertionError:  expected [The profile has been saved successful] but found [Message text mismatch!]
at com.parallel.automation.stepDefinition.ProfileUpdateSteps.the_profile_should_be_updated_successfully(ProfileUpdateSteps.java:86)
at ✽.the profile should be updated successfully(file:///D:/Satish%20Jaiswal/BDD%202025/API%20TESTING2025/parellel_selenium-cucumber-framework/src/test/resources/features/profileUpdate_vote_background.feature:17)
... Removed 5 stack frames]]>
    </failure>
  </testcase> <!-- runScenario -->
  <testcase classname="io.cucumber.testng.AbstractTestNGCucumberTests" name="runScenario" time="49.977">
    <failure type="org.openqa.selenium.TimeoutException" message="Expected condition failed: waiting for com.parallel.automation.pages.RegistrationPage$$Lambda/0x000001e10561e208@448b11de (tried for 15 second(s) with 500 milliseconds interval)
Build info: version: &amp;apos;4.11.0&amp;apos;, revision: &amp;apos;040bc5406b&amp;apos;
System info: os.name: &amp;apos;Windows 10&amp;apos;, os.arch: &amp;apos;amd64&amp;apos;, os.version: &amp;apos;10.0&amp;apos;, java.version: &amp;apos;23.0.2&amp;apos;
Driver info: org.openqa.selenium.chrome.ChromeDriver
Capabilities {acceptInsecureCerts: false, browserName: chrome, browserVersion: 143.0.7499.170, chrome: {chromedriverVersion: 143.0.7499.169 (164b20aab62..., userDataDir: C:\Users\SATISH~1\AppData\L...}, fedcm:accounts: true, goog:chromeOptions: {debuggerAddress: localhost:62715}, goog:processID: 9480, networkConnectionEnabled: false, pageLoadStrategy: normal, platformName: windows, proxy: Proxy(), se:cdp: ws://localhost:62715/devtoo..., se:cdpVersion: 143.0.7499.170, setWindowRect: true, strictFileInteractability: false, timeouts: {implicit: 0, pageLoad: 300000, script: 30000}, unhandledPromptBehavior: dismiss and notify, webauthn:extension:credBlob: true, webauthn:extension:largeBlob: true, webauthn:extension:minPinLength: true, webauthn:extension:prf: true, webauthn:virtualAuthenticators: true}
Session ID: 51550c42222091b23c9bc2ccaa9a71a4">
      <![CDATA[org.openqa.selenium.TimeoutException: Expected condition failed: waiting for com.parallel.automation.pages.RegistrationPage$$Lambda/0x000001e10561e208@448b11de (tried for 15 second(s) with 500 milliseconds interval)
Build info: version: '4.11.0', revision: '040bc5406b'
System info: os.name: 'Windows 10', os.arch: 'amd64', os.version: '10.0', java.version: '23.0.2'
Driver info: org.openqa.selenium.chrome.ChromeDriver
Capabilities {acceptInsecureCerts: false, browserName: chrome, browserVersion: 143.0.7499.170, chrome: {chromedriverVersion: 143.0.7499.169 (164b20aab62..., userDataDir: C:\Users\SATISH~1\AppData\L...}, fedcm:accounts: true, goog:chromeOptions: {debuggerAddress: localhost:62715}, goog:processID: 9480, networkConnectionEnabled: false, pageLoadStrategy: normal, platformName: windows, proxy: Proxy(), se:cdp: ws://localhost:62715/devtoo..., se:cdpVersion: 143.0.7499.170, setWindowRect: true, strictFileInteractability: false, timeouts: {implicit: 0, pageLoad: 300000, script: 30000}, unhandledPromptBehavior: dismiss and notify, webauthn:extension:credBlob: true, webauthn:extension:largeBlob: true, webauthn:extension:minPinLength: true, webauthn:extension:prf: true, webauthn:virtualAuthenticators: true}
Session ID: 51550c42222091b23c9bc2ccaa9a71a4
at org.openqa.selenium.support.ui.WebDriverWait.timeoutException(WebDriverWait.java:84)
at org.openqa.selenium.support.ui.FluentWait.until(FluentWait.java:230)
at com.parallel.automation.pages.RegistrationPage.isRegistrationSuccessful(RegistrationPage.java:69)
at com.parallel.automation.stepDefinition.RegistrationSteps.the_registration_should_be_successful(RegistrationSteps.java:62)
at ✽.The registration should be successful(file:///D:/Satish%20Jaiswal/BDD%202025/API%20TESTING2025/parellel_selenium-cucumber-framework/src/test/resources/features/registrations_datatable.feature:14)
]]>
    </failure>
  </testcase> <!-- runScenario -->
  <testcase classname="io.cucumber.testng.AbstractTestNGCucumberTests" name="runScenario" time="50.063"/>
</testsuite> <!-- Cucumber Tests -->
