<html>
<head>
<title>TestNG:  Cucumber Tests</title>
<link href="../testng.css" rel="stylesheet" type="text/css" />
<link href="../my-testng.css" rel="stylesheet" type="text/css" />

<style type="text/css">
.log { display: none;} 
.stack-trace { display: none;} 
</style>
<script type="text/javascript">
<!--
function flip(e) {
  current = e.style.display;
  if (current == 'block') {
    e.style.display = 'none';
    return 0;
  }
  else {
    e.style.display = 'block';
    return 1;
  }
}

function toggleBox(szDivId, elem, msg1, msg2)
{
  var res = -1;  if (document.getElementById) {
    res = flip(document.getElementById(szDivId));
  }
  else if (document.all) {
    // this is the way old msie versions work
    res = flip(document.all[szDivId]);
  }
  if(elem) {
    if(res == 0) elem.innerHTML = msg1; else elem.innerHTML = msg2;
  }

}

function toggleAllBoxes() {
  if (document.getElementsByTagName) {
    d = document.getElementsByTagName('div');
    for (i = 0; i < d.length; i++) {
      if (d[i].className == 'log') {
        flip(d[i]);
      }
    }
  }
}

// -->
</script>

</head>
<body>
<h2 align='center'>Cucumber Tests</h2><table border='1' align="center">
<tr>
<td>Tests passed/Failed/Skipped:</td><td>1/6/0</td>
</tr><tr>
<td>Started on:</td><td>Mon Jan 05 12:13:38 IST 2026</td>
</tr>
<tr><td>Total time:</td><td>51 seconds (51596 ms)</td>
</tr><tr>
<td>Included groups:</td><td></td>
</tr><tr>
<td>Excluded groups:</td><td></td>
</tr>
</table><p/>
<small><i>(Hover the method name to see the test class name)</i></small><p/>
<table width='100%' border='1' class='invocation-failed'>
<tr><td colspan='4' align='center'><b>FAILED TESTS</b></td></tr>
<tr><td><b>Test method</b></td>
<td><b>Attribute(s)</b></td>
<td width="30%"><b>Exception</b></td>
<td width="10%"><b>Time (seconds)</b></td>
<td><b>Instance</b></td>
</tr>
<tr>
<td title='com.parallel.automation.runner.TestRunner.runScenario()'><b>runScenario</b><br>Test class: com.parallel.automation.runner.TestRunner<br>Test method: Runs Cucumber Scenarios<br>Parameters: "View logged-in username on profile page", "View Login name for logged-in user"</td>
<td><div><pre>java.lang.AssertionError: Peterry expected [Peterry] but found [Displayed login name mismatch!]
	at com.parallel.automation.stepDefinition.LoginSteps.user_should_see_the_name_displayed(LoginSteps.java:61)
	at ✽.User should see the &quot;Peterry&quot; name displayed(file:///D:/Satish%20Jaiswal/BDD%202025/API%20TESTING2025/parellel_selenium-cucumber-framework/src/test/resources/features/login_scenarioOutline.feature:8)
... Removed 5 stack frames</pre></div><a href='#' onClick='toggleBox("stack-trace668183511", this, "Click to show all stack frames", "Click to hide stack frames")'>Click to show all stack frames</a>
<div class='stack-trace' id='stack-trace668183511'><pre>java.lang.AssertionError: Peterry expected [Peterry] but found [Displayed login name mismatch!]
	at org.testng.Assert.fail(Assert.java:111)
	at org.testng.Assert.failNotEquals(Assert.java:1578)
	at org.testng.Assert.assertEqualsImpl(Assert.java:150)
	at org.testng.Assert.assertEquals(Assert.java:132)
	at org.testng.Assert.assertEquals(Assert.java:656)
	at com.parallel.automation.stepDefinition.LoginSteps.user_should_see_the_name_displayed(LoginSteps.java:61)
	at ✽.User should see the &quot;Peterry&quot; name displayed(file:///D:/Satish%20Jaiswal/BDD%202025/API%20TESTING2025/parellel_selenium-cucumber-framework/src/test/resources/features/login_scenarioOutline.feature:8)
</pre></div></td>
<td>41</td>
<td>com.parallel.automation.runner.TestRunner@6a03bcb1</td></tr>
<tr>
<td title='com.parallel.automation.runner.TestRunner.runScenario()'><b>runScenario</b><br>Test class: com.parallel.automation.runner.TestRunner<br>Test method: Runs Cucumber Scenarios<br>Parameters: "View logged-in username on profile page", "View Login name for logged-in user"</td>
<td><div><pre>java.lang.AssertionError: testdesk expected [testdesk] but found [Displayed login name mismatch!]
	at com.parallel.automation.stepDefinition.LoginSteps.user_should_see_the_name_displayed(LoginSteps.java:61)
	at ✽.User should see the &quot;testdesk&quot; name displayed(file:///D:/Satish%20Jaiswal/BDD%202025/API%20TESTING2025/parellel_selenium-cucumber-framework/src/test/resources/features/login_scenarioOutline.feature:8)
... Removed 5 stack frames</pre></div><a href='#' onClick='toggleBox("stack-trace287382933", this, "Click to show all stack frames", "Click to hide stack frames")'>Click to show all stack frames</a>
<div class='stack-trace' id='stack-trace287382933'><pre>java.lang.AssertionError: testdesk expected [testdesk] but found [Displayed login name mismatch!]
	at org.testng.Assert.fail(Assert.java:111)
	at org.testng.Assert.failNotEquals(Assert.java:1578)
	at org.testng.Assert.assertEqualsImpl(Assert.java:150)
	at org.testng.Assert.assertEquals(Assert.java:132)
	at org.testng.Assert.assertEquals(Assert.java:656)
	at com.parallel.automation.stepDefinition.LoginSteps.user_should_see_the_name_displayed(LoginSteps.java:61)
	at ✽.User should see the &quot;testdesk&quot; name displayed(file:///D:/Satish%20Jaiswal/BDD%202025/API%20TESTING2025/parellel_selenium-cucumber-framework/src/test/resources/features/login_scenarioOutline.feature:8)
</pre></div></td>
<td>41</td>
<td>com.parallel.automation.runner.TestRunner@6a03bcb1</td></tr>
<tr>
<td title='com.parallel.automation.runner.TestRunner.runScenario()'><b>runScenario</b><br>Test class: com.parallel.automation.runner.TestRunner<br>Test method: Runs Cucumber Scenarios<br>Parameters: "View logged-in username on profile page", "View Login name for logged-in user"</td>
<td><div><pre>java.lang.AssertionError: Zoey expected [Zoey] but found [Displayed login name mismatch!]
	at com.parallel.automation.stepDefinition.LoginSteps.user_should_see_the_name_displayed(LoginSteps.java:61)
	at ✽.User should see the &quot;Zoey&quot; name displayed(file:///D:/Satish%20Jaiswal/BDD%202025/API%20TESTING2025/parellel_selenium-cucumber-framework/src/test/resources/features/login_scenarioOutline.feature:8)
... Removed 5 stack frames</pre></div><a href='#' onClick='toggleBox("stack-trace1956417509", this, "Click to show all stack frames", "Click to hide stack frames")'>Click to show all stack frames</a>
<div class='stack-trace' id='stack-trace1956417509'><pre>java.lang.AssertionError: Zoey expected [Zoey] but found [Displayed login name mismatch!]
	at org.testng.Assert.fail(Assert.java:111)
	at org.testng.Assert.failNotEquals(Assert.java:1578)
	at org.testng.Assert.assertEqualsImpl(Assert.java:150)
	at org.testng.Assert.assertEquals(Assert.java:132)
	at org.testng.Assert.assertEquals(Assert.java:656)
	at com.parallel.automation.stepDefinition.LoginSteps.user_should_see_the_name_displayed(LoginSteps.java:61)
	at ✽.User should see the &quot;Zoey&quot; name displayed(file:///D:/Satish%20Jaiswal/BDD%202025/API%20TESTING2025/parellel_selenium-cucumber-framework/src/test/resources/features/login_scenarioOutline.feature:8)
</pre></div></td>
<td>41</td>
<td>com.parallel.automation.runner.TestRunner@6a03bcb1</td></tr>
<tr>
<td title='com.parallel.automation.runner.TestRunner.runScenario()'><b>runScenario</b><br>Test class: com.parallel.automation.runner.TestRunner<br>Test method: Runs Cucumber Scenarios<br>Parameters: "Update user profile details", "User Profile, and Car Rating Functionality"</td>
<td><div><pre>java.lang.AssertionError:  expected [The profile has been saved successful] but found [Message text mismatch!]
	at com.parallel.automation.stepDefinition.ProfileUpdateSteps.the_profile_should_be_updated_successfully(ProfileUpdateSteps.java:86)
	at ✽.the profile should be updated successfully(file:///D:/Satish%20Jaiswal/BDD%202025/API%20TESTING2025/parellel_selenium-cucumber-framework/src/test/resources/features/profileUpdate_vote_background.feature:17)
... Removed 5 stack frames</pre></div><a href='#' onClick='toggleBox("stack-trace439479560", this, "Click to show all stack frames", "Click to hide stack frames")'>Click to show all stack frames</a>
<div class='stack-trace' id='stack-trace439479560'><pre>java.lang.AssertionError:  expected [The profile has been saved successful] but found [Message text mismatch!]
	at org.testng.Assert.fail(Assert.java:111)
	at org.testng.Assert.failNotEquals(Assert.java:1578)
	at org.testng.Assert.assertEqualsImpl(Assert.java:150)
	at org.testng.Assert.assertEquals(Assert.java:132)
	at org.testng.Assert.assertEquals(Assert.java:656)
	at com.parallel.automation.stepDefinition.ProfileUpdateSteps.the_profile_should_be_updated_successfully(ProfileUpdateSteps.java:86)
	at ✽.the profile should be updated successfully(file:///D:/Satish%20Jaiswal/BDD%202025/API%20TESTING2025/parellel_selenium-cucumber-framework/src/test/resources/features/profileUpdate_vote_background.feature:17)
</pre></div></td>
<td>43</td>
<td>com.parallel.automation.runner.TestRunner@6a03bcb1</td></tr>
<tr>
<td title='com.parallel.automation.runner.TestRunner.runScenario()'><b>runScenario</b><br>Test class: com.parallel.automation.runner.TestRunner<br>Test method: Runs Cucumber Scenarios<br>Parameters: "Register a new user", "User Registration Functionality"</td>
<td><div><pre>org.openqa.selenium.TimeoutException: Expected condition failed: waiting for com.parallel.automation.pages.RegistrationPage$$Lambda/0x000001e10561e208@448b11de (tried for 15 second(s) with 500 milliseconds interval)
Build info: version: &apos;4.11.0&apos;, revision: &apos;040bc5406b&apos;
System info: os.name: &apos;Windows 10&apos;, os.arch: &apos;amd64&apos;, os.version: &apos;10.0&apos;, java.version: &apos;23.0.2&apos;
Driver info: org.openqa.selenium.chrome.ChromeDriver
Capabilities {acceptInsecureCerts: false, browserName: chrome, browserVersion: 143.0.7499.170, chrome: {chromedriverVersion: 143.0.7499.169 (164b20aab62..., userDataDir: C:\Users\SATISH~1\AppData\L...}, fedcm:accounts: true, goog:chromeOptions: {debuggerAddress: localhost:62715}, goog:processID: 9480, networkConnectionEnabled: false, pageLoadStrategy: normal, platformName: windows, proxy: Proxy(), se:cdp: ws://localhost:62715/devtoo..., se:cdpVersion: 143.0.7499.170, setWindowRect: true, strictFileInteractability: false, timeouts: {implicit: 0, pageLoad: 300000, script: 30000}, unhandledPromptBehavior: dismiss and notify, webauthn:extension:credBlob: true, webauthn:extension:largeBlob: true, webauthn:extension:minPinLength: true, webauthn:extension:prf: true, webauthn:virtualAuthenticators: true}
Session ID: 51550c42222091b23c9bc2ccaa9a71a4
	at org.openqa.selenium.support.ui.WebDriverWait.timeoutException(WebDriverWait.java:84)
	at org.openqa.selenium.support.ui.FluentWait.until(FluentWait.java:230)
	at com.parallel.automation.pages.RegistrationPage.isRegistrationSuccessful(RegistrationPage.java:69)
	at com.parallel.automation.stepDefinition.RegistrationSteps.the_registration_should_be_successful(RegistrationSteps.java:62)
	at ✽.The registration should be successful(file:///D:/Satish%20Jaiswal/BDD%202025/API%20TESTING2025/parellel_selenium-cucumber-framework/src/test/resources/features/registrations_datatable.feature:14)
</pre></div><a href='#' onClick='toggleBox("stack-trace510542693", this, "Click to show all stack frames", "Click to hide stack frames")'>Click to show all stack frames</a>
<div class='stack-trace' id='stack-trace510542693'><pre>org.openqa.selenium.TimeoutException: Expected condition failed: waiting for com.parallel.automation.pages.RegistrationPage$$Lambda/0x000001e10561e208@448b11de (tried for 15 second(s) with 500 milliseconds interval)
Build info: version: &apos;4.11.0&apos;, revision: &apos;040bc5406b&apos;
System info: os.name: &apos;Windows 10&apos;, os.arch: &apos;amd64&apos;, os.version: &apos;10.0&apos;, java.version: &apos;23.0.2&apos;
Driver info: org.openqa.selenium.chrome.ChromeDriver
Capabilities {acceptInsecureCerts: false, browserName: chrome, browserVersion: 143.0.7499.170, chrome: {chromedriverVersion: 143.0.7499.169 (164b20aab62..., userDataDir: C:\Users\SATISH~1\AppData\L...}, fedcm:accounts: true, goog:chromeOptions: {debuggerAddress: localhost:62715}, goog:processID: 9480, networkConnectionEnabled: false, pageLoadStrategy: normal, platformName: windows, proxy: Proxy(), se:cdp: ws://localhost:62715/devtoo..., se:cdpVersion: 143.0.7499.170, setWindowRect: true, strictFileInteractability: false, timeouts: {implicit: 0, pageLoad: 300000, script: 30000}, unhandledPromptBehavior: dismiss and notify, webauthn:extension:credBlob: true, webauthn:extension:largeBlob: true, webauthn:extension:minPinLength: true, webauthn:extension:prf: true, webauthn:virtualAuthenticators: true}
Session ID: 51550c42222091b23c9bc2ccaa9a71a4
	at org.openqa.selenium.support.ui.WebDriverWait.timeoutException(WebDriverWait.java:84)
	at org.openqa.selenium.support.ui.FluentWait.until(FluentWait.java:230)
	at com.parallel.automation.pages.RegistrationPage.isRegistrationSuccessful(RegistrationPage.java:69)
	at com.parallel.automation.stepDefinition.RegistrationSteps.the_registration_should_be_successful(RegistrationSteps.java:62)
	at ✽.The registration should be successful(file:///D:/Satish%20Jaiswal/BDD%202025/API%20TESTING2025/parellel_selenium-cucumber-framework/src/test/resources/features/registrations_datatable.feature:14)
</pre></div></td>
<td>49</td>
<td>com.parallel.automation.runner.TestRunner@6a03bcb1</td></tr>
<tr>
<td title='com.parallel.automation.runner.TestRunner.runScenario()'><b>runScenario</b><br>Test class: com.parallel.automation.runner.TestRunner<br>Test method: Runs Cucumber Scenarios<br>Parameters: "View logged-in username on profile page", "View Login name for logged-in user"</td>
<td><div><pre>java.lang.AssertionError: testdeskk expected [testdeskk] but found [Displayed login name mismatch!]
	at com.parallel.automation.stepDefinition.LoginSteps.user_should_see_the_name_displayed(LoginSteps.java:61)
	at ✽.User should see the &quot;testdeskk&quot; name displayed(file:///D:/Satish%20Jaiswal/BDD%202025/API%20TESTING2025/parellel_selenium-cucumber-framework/src/test/resources/features/login_scenarioOutline.feature:8)
... Removed 5 stack frames</pre></div><a href='#' onClick='toggleBox("stack-trace911301885", this, "Click to show all stack frames", "Click to hide stack frames")'>Click to show all stack frames</a>
<div class='stack-trace' id='stack-trace911301885'><pre>java.lang.AssertionError: testdeskk expected [testdeskk] but found [Displayed login name mismatch!]
	at org.testng.Assert.fail(Assert.java:111)
	at org.testng.Assert.failNotEquals(Assert.java:1578)
	at org.testng.Assert.assertEqualsImpl(Assert.java:150)
	at org.testng.Assert.assertEquals(Assert.java:132)
	at org.testng.Assert.assertEquals(Assert.java:656)
	at com.parallel.automation.stepDefinition.LoginSteps.user_should_see_the_name_displayed(LoginSteps.java:61)
	at ✽.User should see the &quot;testdeskk&quot; name displayed(file:///D:/Satish%20Jaiswal/BDD%202025/API%20TESTING2025/parellel_selenium-cucumber-framework/src/test/resources/features/login_scenarioOutline.feature:8)
</pre></div></td>
<td>40</td>
<td>com.parallel.automation.runner.TestRunner@6a03bcb1</td></tr>
</table><p>
<table width='100%' border='1' class='invocation-passed'>
<tr><td colspan='4' align='center'><b>PASSED TESTS</b></td></tr>
<tr><td><b>Test method</b></td>
<td><b>Attribute(s)</b></td>
<td width="30%"><b>Exception</b></td>
<td width="10%"><b>Time (seconds)</b></td>
<td><b>Instance</b></td>
</tr>
<tr>
<td title='com.parallel.automation.runner.TestRunner.runScenario()'><b>runScenario</b><br>Test class: com.parallel.automation.runner.TestRunner<br>Test method: Runs Cucumber Scenarios<br>Parameters: "Rate a popular car model", "User Profile, and Car Rating Functionality"</td>
<td></td>
<td>50</td>
<td>com.parallel.automation.runner.TestRunner@6a03bcb1</td></tr>
</table><p>
</body>
</html>