<?xml version="1.0" encoding="UTF-8"?>
<!-- Generated by org.testng.reporters.JUnitXMLReporter -->
<testsuite ignored="0" hostname="DESKTOP-IMGH621" failures="0" tests="2" name="Profile Update Feature" time="44.783" errors="0" timestamp="2026-01-08T16:19:09 IST">
  <testcase classname="io.cucumber.testng.AbstractTestNGCucumberTests" name="runScenario" time="23.993"/>
  <testcase classname="io.cucumber.testng.AbstractTestNGCucumberTests" name="runScenario" time="20.727"/>
</testsuite> <!-- Profile Update Feature -->
