<?xml version="1.0" encoding="UTF-8"?>
<!-- Generated by org.testng.reporters.JUnitXMLReporter -->
<testsuite ignored="0" hostname="DESKTOP-IMGH621" failures="0" tests="2" name="Registration Feature With DataProvider" time="13.508" errors="0" timestamp="2026-01-08T16:19:23 IST">
  <testcase classname="io.cucumber.testng.AbstractTestNGCucumberTests" name="runScenario" time="6.563"/>
  <testcase classname="io.cucumber.testng.AbstractTestNGCucumberTests" name="runScenario" time="6.896"/>
</testsuite> <!-- Registration Feature With DataProvider -->
