<?xml version="1.0" encoding="UTF-8"?>
<!-- Generated by org.testng.reporters.JUnitXMLReporter -->
<testsuite ignored="0" hostname="DESKTOP-IMGH621" failures="0" tests="2" name="Registration Feature With DataProviders" time="19.666" errors="0" timestamp="2026-01-08T15:48:11 IST">
  <testcase classname="io.cucumber.testng.AbstractTestNGCucumberTests" name="runScenario" time="9.882"/>
  <testcase classname="io.cucumber.testng.AbstractTestNGCucumberTests" name="runScenario" time="9.728"/>
</testsuite> <!-- Registration Feature With DataProviders -->
