<?xml version="1.0" encoding="UTF-8"?>
<testng-results ignored="0" total="9" passed="9" failed="0" skipped="0">
  <reporter-output>
  </reporter-output>
  <suite started-at="2026-01-08T16:18:10 IST" name="Cucumber Parallel Suite" finished-at="2026-01-08T16:19:23 IST" duration-ms="72622">
    <groups>
      <group name="cucumber">
        <method signature="AbstractTestNGCucumberTests.runScenario(io.cucumber.testng.PickleWrapper,io.cucumber.testng.FeatureWrapper)[pri:0, instance:com.parallel.automation.runners.Runner_RegistrationFeature_Datatable@1ff4931d]" name="runScenario" class="io.cucumber.testng.AbstractTestNGCucumberTests"/>
        <method signature="AbstractTestNGCucumberTests.runScenario(io.cucumber.testng.PickleWrapper,io.cucumber.testng.FeatureWrapper)[pri:0, instance:com.parallel.automation.runners.Runner_LoginFeature@1e178745]" name="runScenario" class="io.cucumber.testng.AbstractTestNGCucumberTests"/>
        <method signature="AbstractTestNGCucumberTests.runScenario(io.cucumber.testng.PickleWrapper,io.cucumber.testng.FeatureWrapper)[pri:0, instance:com.parallel.automation.runners.Runner_ProfileUpdateFeature@1757cd72]" name="runScenario" class="io.cucumber.testng.AbstractTestNGCucumberTests"/>
        <method signature="AbstractTestNGCucumberTests.runScenario(io.cucumber.testng.PickleWrapper,io.cucumber.testng.FeatureWrapper)[pri:0, instance:com.parallel.automation.runners.Runner_RegistrationFeature_Dataprovider@e4487af]" name="runScenario" class="io.cucumber.testng.AbstractTestNGCucumberTests"/>
      </group> <!-- cucumber -->
    </groups>
    <test started-at="2026-01-08T16:18:10 IST" name="Registration Feature With DataTable" finished-at="2026-01-08T16:18:24 IST" duration-ms="14299">
      <class name="com.parallel.automation.runners.Runner_RegistrationFeature_Datatable">
        <test-method is-config="true" signature="setUpClass(org.testng.ITestContext)[pri:0, instance:com.parallel.automation.runners.Runner_RegistrationFeature_Datatable@1ff4931d]" started-at="2026-01-08T16:18:10 IST" name="setUpClass" finished-at="2026-01-08T16:18:11 IST" duration-ms="1419" status="PASS">
          <params>
            <param index="0">
              <value>
                <![CDATA[org.testng.TestRunner@50caa560]]>
              </value>
            </param>
          </params>
          <reporter-output>
          </reporter-output>
        </test-method> <!-- setUpClass -->
        <test-method signature="runScenario(io.cucumber.testng.PickleWrapper,io.cucumber.testng.FeatureWrapper)[pri:0, instance:com.parallel.automation.runners.Runner_RegistrationFeature_Datatable@1ff4931d]" started-at="2026-01-08T16:18:11 IST" name="runScenario" description="Runs Cucumber Scenarios" data-provider="scenarios" finished-at="2026-01-08T16:18:24 IST" duration-ms="12786" status="PASS">
          <params>
            <param index="0">
              <value>
                <![CDATA["Register a new user"]]>
              </value>
            </param>
            <param index="1">
              <value>
                <![CDATA["User Registration Functionality"]]>
              </value>
            </param>
          </params>
          <reporter-output>
          </reporter-output>
        </test-method> <!-- runScenario -->
        <test-method is-config="true" signature="tearDownClass()[pri:0, instance:com.parallel.automation.runners.Runner_RegistrationFeature_Datatable@1ff4931d]" started-at="2026-01-08T16:18:24 IST" name="tearDownClass" finished-at="2026-01-08T16:18:24 IST" duration-ms="42" status="PASS">
          <reporter-output>
          </reporter-output>
        </test-method> <!-- tearDownClass -->
      </class> <!-- com.parallel.automation.runners.Runner_RegistrationFeature_Datatable -->
    </test> <!-- Registration Feature With DataTable -->
    <test started-at="2026-01-08T16:18:24 IST" name="Profile Update Feature" finished-at="2026-01-08T16:19:09 IST" duration-ms="44783">
      <class name="com.parallel.automation.runners.Runner_ProfileUpdateFeature">
        <test-method is-config="true" signature="setUpClass(org.testng.ITestContext)[pri:0, instance:com.parallel.automation.runners.Runner_ProfileUpdateFeature@1757cd72]" started-at="2026-01-08T16:18:24 IST" name="setUpClass" finished-at="2026-01-08T16:18:24 IST" duration-ms="25" status="PASS">
          <params>
            <param index="0">
              <value>
                <![CDATA[org.testng.TestRunner@5ab9e72c]]>
              </value>
            </param>
          </params>
          <reporter-output>
          </reporter-output>
        </test-method> <!-- setUpClass -->
        <test-method signature="runScenario(io.cucumber.testng.PickleWrapper,io.cucumber.testng.FeatureWrapper)[pri:0, instance:com.parallel.automation.runners.Runner_ProfileUpdateFeature@1757cd72]" started-at="2026-01-08T16:18:24 IST" name="runScenario" description="Runs Cucumber Scenarios" data-provider="scenarios" finished-at="2026-01-08T16:18:48 IST" duration-ms="23993" status="PASS">
          <params>
            <param index="0">
              <value>
                <![CDATA["Update user profile details"]]>
              </value>
            </param>
            <param index="1">
              <value>
                <![CDATA["User Profile, and Car Rating Functionality"]]>
              </value>
            </param>
          </params>
          <reporter-output>
          </reporter-output>
        </test-method> <!-- runScenario -->
        <test-method signature="runScenario(io.cucumber.testng.PickleWrapper,io.cucumber.testng.FeatureWrapper)[pri:0, instance:com.parallel.automation.runners.Runner_ProfileUpdateFeature@1757cd72]" started-at="2026-01-08T16:18:48 IST" name="runScenario" description="Runs Cucumber Scenarios" data-provider="scenarios" finished-at="2026-01-08T16:19:09 IST" duration-ms="20727" status="PASS">
          <params>
            <param index="0">
              <value>
                <![CDATA["Rate a popular car model"]]>
              </value>
            </param>
            <param index="1">
              <value>
                <![CDATA["User Profile, and Car Rating Functionality"]]>
              </value>
            </param>
          </params>
          <reporter-output>
          </reporter-output>
        </test-method> <!-- runScenario -->
        <test-method is-config="true" signature="tearDownClass()[pri:0, instance:com.parallel.automation.runners.Runner_ProfileUpdateFeature@1757cd72]" started-at="2026-01-08T16:19:09 IST" name="tearDownClass" finished-at="2026-01-08T16:19:09 IST" duration-ms="25" status="PASS">
          <reporter-output>
          </reporter-output>
        </test-method> <!-- tearDownClass -->
      </class> <!-- com.parallel.automation.runners.Runner_ProfileUpdateFeature -->
    </test> <!-- Profile Update Feature -->
    <test started-at="2026-01-08T16:18:10 IST" name="Login Feature" finished-at="2026-01-08T16:19:11 IST" duration-ms="61004">
      <class name="com.parallel.automation.runners.Runner_LoginFeature">
        <test-method is-config="true" signature="setUpClass(org.testng.ITestContext)[pri:0, instance:com.parallel.automation.runners.Runner_LoginFeature@1e178745]" started-at="2026-01-08T16:18:10 IST" name="setUpClass" finished-at="2026-01-08T16:18:11 IST" duration-ms="1420" status="PASS">
          <params>
            <param index="0">
              <value>
                <![CDATA[org.testng.TestRunner@186f8716]]>
              </value>
            </param>
          </params>
          <reporter-output>
          </reporter-output>
        </test-method> <!-- setUpClass -->
        <test-method signature="runScenario(io.cucumber.testng.PickleWrapper,io.cucumber.testng.FeatureWrapper)[pri:0, instance:com.parallel.automation.runners.Runner_LoginFeature@1e178745]" started-at="2026-01-08T16:18:11 IST" name="runScenario" description="Runs Cucumber Scenarios" data-provider="scenarios" finished-at="2026-01-08T16:18:29 IST" duration-ms="17906" status="PASS">
          <params>
            <param index="0">
              <value>
                <![CDATA["View logged-in username on profile page"]]>
              </value>
            </param>
            <param index="1">
              <value>
                <![CDATA["View Login name for logged-in user"]]>
              </value>
            </param>
          </params>
          <reporter-output>
          </reporter-output>
        </test-method> <!-- runScenario -->
        <test-method signature="runScenario(io.cucumber.testng.PickleWrapper,io.cucumber.testng.FeatureWrapper)[pri:0, instance:com.parallel.automation.runners.Runner_LoginFeature@1e178745]" started-at="2026-01-08T16:18:29 IST" name="runScenario" description="Runs Cucumber Scenarios" data-provider="scenarios" finished-at="2026-01-08T16:18:46 IST" duration-ms="16559" status="PASS">
          <params>
            <param index="0">
              <value>
                <![CDATA["View logged-in username on profile page"]]>
              </value>
            </param>
            <param index="1">
              <value>
                <![CDATA["View Login name for logged-in user"]]>
              </value>
            </param>
          </params>
          <reporter-output>
          </reporter-output>
        </test-method> <!-- runScenario -->
        <test-method signature="runScenario(io.cucumber.testng.PickleWrapper,io.cucumber.testng.FeatureWrapper)[pri:0, instance:com.parallel.automation.runners.Runner_LoginFeature@1e178745]" started-at="2026-01-08T16:18:46 IST" name="runScenario" description="Runs Cucumber Scenarios" data-provider="scenarios" finished-at="2026-01-08T16:18:59 IST" duration-ms="13423" status="PASS">
          <params>
            <param index="0">
              <value>
                <![CDATA["View logged-in username on profile page"]]>
              </value>
            </param>
            <param index="1">
              <value>
                <![CDATA["View Login name for logged-in user"]]>
              </value>
            </param>
          </params>
          <reporter-output>
          </reporter-output>
        </test-method> <!-- runScenario -->
        <test-method signature="runScenario(io.cucumber.testng.PickleWrapper,io.cucumber.testng.FeatureWrapper)[pri:0, instance:com.parallel.automation.runners.Runner_LoginFeature@1e178745]" started-at="2026-01-08T16:18:59 IST" name="runScenario" description="Runs Cucumber Scenarios" data-provider="scenarios" finished-at="2026-01-08T16:19:11 IST" duration-ms="11615" status="PASS">
          <params>
            <param index="0">
              <value>
                <![CDATA["View logged-in username on profile page"]]>
              </value>
            </param>
            <param index="1">
              <value>
                <![CDATA["View Login name for logged-in user"]]>
              </value>
            </param>
          </params>
          <reporter-output>
          </reporter-output>
        </test-method> <!-- runScenario -->
        <test-method is-config="true" signature="tearDownClass()[pri:0, instance:com.parallel.automation.runners.Runner_LoginFeature@1e178745]" started-at="2026-01-08T16:19:11 IST" name="tearDownClass" finished-at="2026-01-08T16:19:11 IST" duration-ms="20" status="PASS">
          <reporter-output>
          </reporter-output>
        </test-method> <!-- tearDownClass -->
      </class> <!-- com.parallel.automation.runners.Runner_LoginFeature -->
    </test> <!-- Login Feature -->
    <test started-at="2026-01-08T16:19:09 IST" name="Registration Feature With DataProvider" finished-at="2026-01-08T16:19:23 IST" duration-ms="13508">
      <class name="com.parallel.automation.runners.Runner_RegistrationFeature_Dataprovider">
        <test-method is-config="true" signature="setUpClass(org.testng.ITestContext)[pri:0, instance:com.parallel.automation.runners.Runner_RegistrationFeature_Dataprovider@e4487af]" started-at="2026-01-08T16:19:09 IST" name="setUpClass" finished-at="2026-01-08T16:19:09 IST" duration-ms="20" status="PASS">
          <params>
            <param index="0">
              <value>
                <![CDATA[org.testng.TestRunner@1d8bd0de]]>
              </value>
            </param>
          </params>
          <reporter-output>
          </reporter-output>
        </test-method> <!-- setUpClass -->
        <test-method signature="runScenario(io.cucumber.testng.PickleWrapper,io.cucumber.testng.FeatureWrapper)[pri:0, instance:com.parallel.automation.runners.Runner_RegistrationFeature_Dataprovider@e4487af]" started-at="2026-01-08T16:19:09 IST" name="runScenario" description="Runs Cucumber Scenarios" data-provider="scenarios" finished-at="2026-01-08T16:19:16 IST" duration-ms="6563" status="PASS">
          <params>
            <param index="0">
              <value>
                <![CDATA["Register new users using DataProviders"]]>
              </value>
            </param>
            <param index="1">
              <value>
                <![CDATA["User Registration Functionality with DataProviders"]]>
              </value>
            </param>
          </params>
          <reporter-output>
          </reporter-output>
        </test-method> <!-- runScenario -->
        <test-method signature="runScenario(io.cucumber.testng.PickleWrapper,io.cucumber.testng.FeatureWrapper)[pri:0, instance:com.parallel.automation.runners.Runner_RegistrationFeature_Dataprovider@e4487af]" started-at="2026-01-08T16:19:16 IST" name="runScenario" description="Runs Cucumber Scenarios" data-provider="scenarios" finished-at="2026-01-08T16:19:22 IST" duration-ms="6896" status="PASS">
          <params>
            <param index="0">
              <value>
                <![CDATA["Register new users using DataProviders"]]>
              </value>
            </param>
            <param index="1">
              <value>
                <![CDATA["User Registration Functionality with DataProviders"]]>
              </value>
            </param>
          </params>
          <reporter-output>
          </reporter-output>
        </test-method> <!-- runScenario -->
        <test-method is-config="true" signature="tearDownClass()[pri:0, instance:com.parallel.automation.runners.Runner_RegistrationFeature_Dataprovider@e4487af]" started-at="2026-01-08T16:19:22 IST" name="tearDownClass" finished-at="2026-01-08T16:19:23 IST" duration-ms="18" status="PASS">
          <reporter-output>
          </reporter-output>
        </test-method> <!-- tearDownClass -->
      </class> <!-- com.parallel.automation.runners.Runner_RegistrationFeature_Dataprovider -->
    </test> <!-- Registration Feature With DataProvider -->
  </suite> <!-- Cucumber Parallel Suite -->
</testng-results>
