<?xml version="1.0" encoding="UTF-8"?>
<!-- Generated by org.testng.reporters.JUnitReportReporter -->
<testsuite hostname="DESKTOP-IMGH621" failures="0" tests="2" name="com.parallel.automation.runners.ProfileUpdateFeatureRunner" time="48.834" errors="0" timestamp="2026-01-08T15:48:11 IST" skipped="0">
  <testcase classname="com.parallel.automation.runners.ProfileUpdateFeatureRunner" name="runScenario" time="17.922"/>
  <system-out/>
  <testcase classname="com.parallel.automation.runners.ProfileUpdateFeatureRunner" name="runScenario" time="30.912"/>
  <system-out/>
</testsuite> <!-- com.parallel.automation.runners.ProfileUpdateFeatureRunner -->
