<?xml version="1.0" encoding="UTF-8"?>
<!-- Generated by org.testng.reporters.JUnitReportReporter -->
<testsuite hostname="DESKTOP-IMGH621" failures="0" tests="1" name="com.parallel.automation.runners.Runner_RegistrationFeature_Datatable" time="12.786" errors="0" timestamp="2026-01-08T16:19:23 IST" skipped="0">
  <testcase classname="com.parallel.automation.runners.Runner_RegistrationFeature_Datatable" name="runScenario" time="12.786"/>
  <system-out/>
</testsuite> <!-- com.parallel.automation.runners.Runner_RegistrationFeature_Datatable -->
