<?xml version="1.0" encoding="UTF-8"?>
<!-- Generated by org.testng.reporters.JUnitReportReporter -->
<testsuite hostname="DESKTOP-IMGH621" failures="0" tests="4" name="com.parallel.automation.runner.LoginFeatureRunner" time="57.136" errors="0" timestamp="2026-01-05T18:04:18 IST" skipped="0">
  <testcase classname="com.parallel.automation.runner.LoginFeatureRunner" name="runScenario" time="11.692"/>
  <testcase classname="com.parallel.automation.runner.LoginFeatureRunner" name="runScenario" time="18.619"/>
  <testcase classname="com.parallel.automation.runner.LoginFeatureRunner" name="runScenario" time="10.539"/>
  <testcase classname="com.parallel.automation.runner.LoginFeatureRunner" name="runScenario" time="16.286"/>
</testsuite> <!-- com.parallel.automation.runner.LoginFeatureRunner -->
