<?xml version="1.0" encoding="UTF-8"?>
<!-- Generated by org.testng.reporters.JUnitReportReporter -->
<testsuite hostname="DESKTOP-IMGH621" failures="0" tests="2" name="com.parallel.automation.runners.Registration_Dataprovider_FeatureRunner" time="19.610" errors="0" timestamp="2026-01-08T15:48:11 IST" skipped="0">
  <testcase classname="com.parallel.automation.runners.Registration_Dataprovider_FeatureRunner" name="runScenario" time="9.728"/>
  <system-out/>
  <testcase classname="com.parallel.automation.runners.Registration_Dataprovider_FeatureRunner" name="runScenario" time="9.882"/>
  <system-out/>
</testsuite> <!-- com.parallel.automation.runners.Registration_Dataprovider_FeatureRunner -->
