<?xml version="1.0" encoding="UTF-8"?>
<!-- Generated by org.testng.reporters.JUnitReportReporter -->
<testsuite hostname="DESKTOP-IMGH621" failures="0" tests="1" name="com.parallel.automation.runners.Registration_Datatable_FeatureRunner" time="37.191" errors="0" timestamp="2026-01-08T15:48:11 IST" skipped="0">
  <testcase classname="com.parallel.automation.runners.Registration_Datatable_FeatureRunner" name="runScenario" time="37.191"/>
  <system-out/>
</testsuite> <!-- com.parallel.automation.runners.Registration_Datatable_FeatureRunner -->
