<?xml version="1.0" encoding="UTF-8"?>
<!-- Generated by org.testng.reporters.JUnitReportReporter -->
<testsuite hostname="DESKTOP-IMGH621" failures="0" tests="2" name="com.parallel.automation.runners.Runner_RegistrationFeature_Dataprovider" time="13.459" errors="0" timestamp="2026-01-08T16:19:23 IST" skipped="0">
  <testcase classname="com.parallel.automation.runners.Runner_RegistrationFeature_Dataprovider" name="runScenario" time="6.563"/>
  <system-out/>
  <testcase classname="com.parallel.automation.runners.Runner_RegistrationFeature_Dataprovider" name="runScenario" time="6.896"/>
  <system-out/>
</testsuite> <!-- com.parallel.automation.runners.Runner_RegistrationFeature_Dataprovider -->
