<?xml version="1.0" encoding="UTF-8"?>
<!-- Generated by org.testng.reporters.JUnitReportReporter -->
<testsuite hostname="DESKTOP-IMGH621" failures="0" tests="2" name="com.parallel.automation.runner.ProfileUpdateFeatureRunner" time="24.556" errors="1" timestamp="2026-01-06T11:55:32 IST" skipped="0">
  <testcase classname="com.parallel.automation.runner.ProfileUpdateFeatureRunner" name="runScenario" time="7.964">
    <error message="element not interactable
  (Session info: chrome=143.0.7499.170)
Build info: version: &#039;4.11.0&#039;, revision: &#039;040bc5406b&#039;
System info: os.name: &#039;Windows 10&#039;, os.arch: &#039;amd64&#039;, os.version: &#039;10.0&#039;, java.version: &#039;23.0.2&#039;
Driver info: org.openqa.selenium.chrome.ChromeDriver
Command: [ddc77f1d63d716236b53d9947699a577, clickElement {id=f.F5F6FD360210E7C1BB50F95EFC9454D0.d.390AFA6F68FD3D8F58E95E98654EFB9B.e.20}]
Capabilities {acceptInsecureCerts: false, browserName: chrome, browserVersion: 143.0.7499.170, chrome: {chromedriverVersion: 143.0.7499.169 (164b20aab62..., userDataDir: C:\Users\SATISH~1\AppData\L...}, fedcm:accounts: true, goog:chromeOptions: {debuggerAddress: localhost:59696}, goog:processID: 4624, networkConnectionEnabled: false, pageLoadStrategy: normal, platformName: windows, proxy: Proxy(), se:cdp: ws://localhost:59696/devtoo..., se:cdpVersion: 143.0.7499.170, setWindowRect: true, strictFileInteractability: false, timeouts: {implicit: 0, pageLoad: 300000, script: 30000}, unhandledPromptBehavior: dismiss and notify, webauthn:extension:credBlob: true, webauthn:extension:largeBlob: true, webauthn:extension:minPinLength: true, webauthn:extension:prf: true, webauthn:virtualAuthenticators: true}
Element: [[ChromeDriver: chrome on windows (ddc77f1d63d716236b53d9947699a577)] -&gt; xpath: //a[contains(@href, &#039;make&#039;)]// *[@title=&#039;Lamborghini&#039;]]
Session ID: ddc77f1d63d716236b53d9947699a577" type="org.openqa.selenium.ElementNotInteractableException">
      <![CDATA[org.openqa.selenium.ElementNotInteractableException: element not interactable
  (Session info: chrome=143.0.7499.170)
Build info: version: '4.11.0', revision: '040bc5406b'
System info: os.name: 'Windows 10', os.arch: 'amd64', os.version: '10.0', java.version: '23.0.2'
Driver info: org.openqa.selenium.chrome.ChromeDriver
Command: [ddc77f1d63d716236b53d9947699a577, clickElement {id=f.F5F6FD360210E7C1BB50F95EFC9454D0.d.390AFA6F68FD3D8F58E95E98654EFB9B.e.20}]
Capabilities {acceptInsecureCerts: false, browserName: chrome, browserVersion: 143.0.7499.170, chrome: {chromedriverVersion: 143.0.7499.169 (164b20aab62..., userDataDir: C:\Users\SATISH~1\AppData\L...}, fedcm:accounts: true, goog:chromeOptions: {debuggerAddress: localhost:59696}, goog:processID: 4624, networkConnectionEnabled: false, pageLoadStrategy: normal, platformName: windows, proxy: Proxy(), se:cdp: ws://localhost:59696/devtoo..., se:cdpVersion: 143.0.7499.170, setWindowRect: true, strictFileInteractability: false, timeouts: {implicit: 0, pageLoad: 300000, script: 30000}, unhandledPromptBehavior: dismiss and notify, webauthn:extension:credBlob: true, webauthn:extension:largeBlob: true, webauthn:extension:minPinLength: true, webauthn:extension:prf: true, webauthn:virtualAuthenticators: true}
Element: [[ChromeDriver: chrome on windows (ddc77f1d63d716236b53d9947699a577)] -> xpath: //a[contains(@href, 'make')]// *[@title='Lamborghini']]
Session ID: ddc77f1d63d716236b53d9947699a577
at java.base/jdk.internal.reflect.DirectConstructorHandleAccessor.newInstance(DirectConstructorHandleAccessor.java:62)
at java.base/java.lang.reflect.Constructor.newInstanceWithCaller(Constructor.java:501)
at java.base/java.lang.reflect.Constructor.newInstance(Constructor.java:485)
at org.openqa.selenium.remote.codec.w3c.W3CHttpResponseCodec.createException(W3CHttpResponseCodec.java:200)
at org.openqa.selenium.remote.codec.w3c.W3CHttpResponseCodec.decode(W3CHttpResponseCodec.java:133)
at org.openqa.selenium.remote.codec.w3c.W3CHttpResponseCodec.decode(W3CHttpResponseCodec.java:52)
at org.openqa.selenium.remote.HttpCommandExecutor.execute(HttpCommandExecutor.java:191)
at org.openqa.selenium.remote.service.DriverCommandExecutor.invokeExecute(DriverCommandExecutor.java:196)
at org.openqa.selenium.remote.service.DriverCommandExecutor.execute(DriverCommandExecutor.java:171)
at org.openqa.selenium.remote.RemoteWebDriver.execute(RemoteWebDriver.java:518)
at org.openqa.selenium.remote.RemoteWebElement.execute(RemoteWebElement.java:224)
at org.openqa.selenium.remote.RemoteWebElement.click(RemoteWebElement.java:77)
at com.parallel.automation.pages.CommentPage.click_popularMakeSection(CommentPage.java:45)
at com.parallel.automation.stepDefinitions.ProfileUpdateSteps.user_clicks_in_popular_make_section(ProfileUpdateSteps.java:93)
at âœ½.User clicks in Popular Make section(file:///D:/Satish%20Jaiswal/BDD%202025/API%20TESTING2025/parellel_selenium-cucumber-framework/src/test/resources/features/profileUpdate_vote_background.feature:20)
]]>
    </error>
  </testcase> <!-- runScenario -->
  <testcase classname="com.parallel.automation.runner.ProfileUpdateFeatureRunner" name="runScenario" time="16.592"/>
</testsuite> <!-- com.parallel.automation.runner.ProfileUpdateFeatureRunner -->
