<?xml version="1.0" encoding="UTF-8"?>
<!-- Generated by org.testng.reporters.JUnitReportReporter -->
<testsuite hostname="DESKTOP-IMGH621" failures="1" tests="9" name="com.parallel.automation.runners.TestRunner" time="109.710" errors="0" timestamp="2026-01-06T18:11:31 IST" skipped="0">
  <testcase classname="com.parallel.automation.runners.TestRunner" name="runScenario" time="11.585"/>
  <system-out/>
  <testcase classname="com.parallel.automation.runners.TestRunner" name="runScenario" time="10.170"/>
  <system-out/>
  <testcase classname="com.parallel.automation.runners.TestRunner" name="runScenario" time="16.360"/>
  <system-out/>
  <testcase classname="com.parallel.automation.runners.TestRunner" name="runScenario" time="10.280">
    <failure message="Message text mismatch! expected [The profile has been saved successful] but found []" type="java.lang.AssertionError">
      <![CDATA[java.lang.AssertionError: Message text mismatch! expected [The profile has been saved successful] but found []
at org.testng.Assert.fail(Assert.java:99)
at org.testng.Assert.failNotEquals(Assert.java:1037)
at org.testng.Assert.assertEqualsImpl(Assert.java:140)
at org.testng.Assert.assertEquals(Assert.java:122)
at org.testng.Assert.assertEquals(Assert.java:629)
at com.parallel.automation.stepDefinitions.ProfileUpdateSteps.the_profile_should_be_updated_successfully(ProfileUpdateSteps.java:86)
at âœ½.the profile should be updated successfully(file:///D:/Satish%20Jaiswal/BDD%202025/API%20TESTING2025/parellel_selenium-cucumber-framework/src/test/resources/features/profileUpdate_vote_background.feature:17)
]]>
    </failure>
  </testcase> <!-- runScenario -->
  <system-out/>
  <testcase classname="com.parallel.automation.runners.TestRunner" name="runScenario" time="9.037"/>
  <system-out/>
  <testcase classname="com.parallel.automation.runners.TestRunner" name="runScenario" time="19.981"/>
  <system-out/>
  <testcase classname="com.parallel.automation.runners.TestRunner" name="runScenario" time="4.659"/>
  <system-out/>
  <testcase classname="com.parallel.automation.runners.TestRunner" name="runScenario" time="21.131"/>
  <system-out/>
  <testcase classname="com.parallel.automation.runners.TestRunner" name="runScenario" time="6.507"/>
  <system-out/>
</testsuite> <!-- com.parallel.automation.runners.TestRunner -->
