<?xml version="1.0" encoding="UTF-8"?>
<!-- Generated by org.testng.reporters.JUnitReportReporter -->
<testsuite hostname="DESKTOP-IMGH621" failures="0" tests="2" name="com.parallel.automation.runners.Runner_ProfileUpdateFeature" time="44.720" errors="0" timestamp="2026-01-08T16:19:23 IST" skipped="0">
  <testcase classname="com.parallel.automation.runners.Runner_ProfileUpdateFeature" name="runScenario" time="20.727"/>
  <system-out/>
  <testcase classname="com.parallel.automation.runners.Runner_ProfileUpdateFeature" name="runScenario" time="23.993"/>
  <system-out/>
</testsuite> <!-- com.parallel.automation.runners.Runner_ProfileUpdateFeature -->
