<?xml version="1.0" encoding="UTF-8"?>
<!-- Generated by org.testng.reporters.JUnitReportReporter -->
<testsuite hostname="DESKTOP-IMGH621" failures="0" tests="4" name="com.parallel.automation.runners.LoginFeatureRunner" time="78.013" errors="0" timestamp="2026-01-08T15:48:11 IST" skipped="0">
  <testcase classname="com.parallel.automation.runners.LoginFeatureRunner" name="runScenario" time="16.096"/>
  <system-out/>
  <testcase classname="com.parallel.automation.runners.LoginFeatureRunner" name="runScenario" time="31.410"/>
  <system-out/>
  <testcase classname="com.parallel.automation.runners.LoginFeatureRunner" name="runScenario" time="15.330"/>
  <system-out/>
  <testcase classname="com.parallel.automation.runners.LoginFeatureRunner" name="runScenario" time="15.177"/>
  <system-out/>
</testsuite> <!-- com.parallel.automation.runners.LoginFeatureRunner -->
