<?xml version="1.0" encoding="UTF-8"?>
<!-- Generated by org.testng.reporters.JUnitReportReporter -->
<testsuite hostname="DESKTOP-IMGH621" failures="0" tests="4" name="com.parallel.automation.runners.Runner_LoginFeature" time="59.503" errors="0" timestamp="2026-01-08T16:19:23 IST" skipped="0">
  <testcase classname="com.parallel.automation.runners.Runner_LoginFeature" name="runScenario" time="17.906"/>
  <system-out/>
  <testcase classname="com.parallel.automation.runners.Runner_LoginFeature" name="runScenario" time="11.615"/>
  <system-out/>
  <testcase classname="com.parallel.automation.runners.Runner_LoginFeature" name="runScenario" time="16.559"/>
  <system-out/>
  <testcase classname="com.parallel.automation.runners.Runner_LoginFeature" name="runScenario" time="13.423"/>
  <system-out/>
</testsuite> <!-- com.parallel.automation.runners.Runner_LoginFeature -->
